[20220116-16:40:45] [CORE ] main: app started pid 1237(0x000004d5)
[20220116-16:40:45] [INFO ] main: DISPLAY env var set to :10.0
[20220116-16:40:45] [INFO ] main: using DISPLAY 10
[20220116-16:40:45] [INFO ] channel_thread_loop: thread start
[20220116-16:40:45] [INFO ] Socket 12: AF_UNIX connection received
[20220116-17:29:58] [ERROR] clipboard_event_selection_request: unknown target unknown atom 0x00000201
[20220116-17:30:29] [ERROR] clipboard_event_selection_request: unknown target COMPOUND_TEXT
[20220116-17:40:00] [ERROR] clipboard_event_selection_request: unknown target unknown atom 0x00000201
[20220116-17:49:35] [ERROR] clipboard_event_selection_request: unknown target unknown atom 0x00000201
[20220116-17:52:14] [ERROR] clipboard_event_selection_request: unknown target unknown atom 0x00000201
[20220116-17:56:02] [ERROR] clipboard_event_selection_request: unknown target unknown atom 0x00000201
[20220116-18:08:42] [ERROR] clipboard_event_selection_request: unknown target unknown atom 0x00000201
[20220116-18:09:49] [ERROR] clipboard_event_selection_request: unknown target unknown atom 0x00000201
[20220116-18:12:54] [ERROR] clipboard_event_selection_request: unknown target unknown atom 0x00000201
[20220116-18:15:24] [ERROR] clipboard_event_selection_request: unknown target unknown atom 0x00000201
[20220116-18:15:36] [ERROR] clipboard_event_selection_request: unknown target unknown atom 0x00000201
[20220116-18:15:56] [ERROR] clipboard_event_selection_request: unknown target unknown atom 0x00000201
[20220116-18:17:31] [ERROR] clipboard_event_selection_request: unknown target unknown atom 0x00000201
[20220116-18:17:48] [ERROR] clipboard_event_selection_request: unknown target unknown atom 0x00000201
[20220116-18:18:08] [ERROR] clipboard_event_selection_request: unknown target unknown atom 0x00000201
[20220116-18:19:43] [ERROR] clipboard_event_selection_request: unknown target unknown atom 0x00000201
[20220116-18:19:56] [ERROR] clipboard_event_selection_request: unknown target unknown atom 0x00000201
[20220116-18:22:01] [ERROR] clipboard_event_selection_request: unknown target unknown atom 0x00000201
[20220116-18:22:39] [ERROR] clipboard_event_selection_request: unknown target unknown atom 0x00000201
[20220116-18:23:53] [ERROR] clipboard_event_selection_request: unknown target unknown atom 0x00000201
[20220116-18:24:39] [ERROR] clipboard_event_selection_request: unknown target unknown atom 0x00000201
[20220116-18:25:15] [ERROR] clipboard_event_selection_request: unknown target unknown atom 0x00000201
[20220116-18:29:35] [ERROR] clipboard_event_selection_request: unknown target unknown atom 0x00000201
[20220116-18:29:52] [ERROR] clipboard_event_selection_request: unknown target unknown atom 0x00000201
[20220116-18:30:06] [ERROR] clipboard_event_selection_request: unknown target unknown atom 0x00000201
[20220116-18:34:28] [ERROR] clipboard_event_selection_request: unknown target unknown atom 0x00000201
[20220116-18:37:46] [ERROR] clipboard_event_selection_request: unknown target unknown atom 0x00000201
