** Message: 16:40:45.974: environement.vala:58: Exporting primary_variable
** Message: 16:40:45.974: environement.vala:59: desktop_environnement XDG_CURRENT_DESKTOP
** Message: 16:40:45.974: environement.vala:150: confir_dirs is null, export : /etc/xdg
** Message: 16:40:45.974: environement.vala:184: Exporting XDG_CONFIG_DIRS
** Message: 16:40:45.974: environement.vala:218: custom_data :
** Message: 16:40:45.974: environement.vala:219: data_dirs :/usr/share/fkms:/usr/local/share:/usr/share/raspi-ui-overrides:/usr/share:/usr/share/gdm:/var/lib/menu-xdg
** Message: 16:40:45.974: environement.vala:220: data_dirs not null, export : /usr/share/fkms:/usr/local/share:/usr/share/raspi-ui-overrides:/usr/share:/usr/share/gdm:/var/lib/menu-xdg
** Message: 16:40:45.974: environement.vala:225: Exporting XDG_DATA_DIRS
** Message: 16:40:45.976: utils.vala:127: User config used : /home/pi/.config/lxsession/LXDE-pi/desktop.conf
** Message: 16:40:45.976: utils.vala:148: Final file used : /home/pi/.config/lxsession/LXDE-pi/desktop.conf
** Message: 16:40:45.976: utils.vala:39: Config system location : /etc/xdg/lxsession/LXDE-pi
** Message: 16:40:45.976: utils.vala:45: System system path location : /etc/xdg/lxsession/LXDE-pi/desktop.conf
** Message: 16:40:45.978: settings.vala:540: Key file does not have key “iGtk/ColorScheme” in group “GTK”
** Message: 16:40:45.978: settings.vala:540: Key file does not have key “windows_manager/command” in group “Session”
** Message: 16:40:45.978: settings.vala:540: Key file does not have key “panel/command” in group “Session”
** Message: 16:40:45.978: settings.vala:540: Key file does not have key “dock/command” in group “Session”
** Message: 16:40:45.979: settings.vala:540: Key file does not have key “file_manager/command” in group “Session”
** Message: 16:40:45.979: settings.vala:540: Key file does not have key “desktop_manager/command” in group “Session”
** Message: 16:40:45.979: settings.vala:540: Key file does not have key “launcher_manager/autostart” in group “Session”
** Message: 16:40:45.979: settings.vala:540: Key file does not have key “composite_manager/command” in group “Session”
** Message: 16:40:45.979: settings.vala:540: Key file does not have key “im1/command” in group “Session”
** Message: 16:40:45.979: settings.vala:540: Key file does not have key “im2/command” in group “Session”
** Message: 16:40:45.979: settings.vala:540: Key file does not have key “widget1/command” in group “Session”
** Message: 16:40:45.979: settings.vala:540: Key file does not have key “notification/command” in group “Session”
** Message: 16:40:45.979: settings.vala:540: Key file does not have key “keybindings/command” in group “Session”
** Message: 16:40:45.979: settings.vala:540: Key file does not have key “im_manager/command” in group “Session”
** Message: 16:40:45.979: settings.vala:540: Key file does not have key “screensaver/command” in group “Session”
** Message: 16:40:45.979: settings.vala:540: Key file does not have key “power_manager/command” in group “Session”
** Message: 16:40:45.979: settings.vala:540: Key file does not have key “audio_manager/command” in group “Session”
** Message: 16:40:45.979: settings.vala:540: Key file does not have key “workspace_manager/command” in group “Session”
** Message: 16:40:45.979: settings.vala:540: Key file does not have key “screenshot_manager/command” in group “Session”
** Message: 16:40:45.979: settings.vala:540: Key file does not have key “message_manager/command” in group “Session”
** Message: 16:40:45.979: settings.vala:540: Key file does not have key “upgrade_manager/command” in group “Session”
** Message: 16:40:45.979: settings.vala:540: Key file does not have key “updates_manager/command” in group “Session”
** Message: 16:40:45.979: settings.vala:540: Key file does not have key “updates_manager/timeout” in group “Session”
** Message: 16:40:45.979: settings.vala:540: Key file does not have key “crash_manager/command” in group “Session”
** Message: 16:40:45.980: settings.vala:540: Key file does not have key “crash_manager/dev_mode” in group “Session”
** Message: 16:40:45.980: settings.vala:540: Key file does not have key “crash_manager/timeout” in group “Session”
** Message: 16:40:45.980: settings.vala:540: Key file does not have key “upstart_user_session” in group “Session”
** Message: 16:40:45.980: settings.vala:540: Key file does not have key “proxy_manager/http” in group “Session”
** Message: 16:40:45.980: settings.vala:540: Key file does not have key “a11y/command” in group “Session”
** Message: 16:40:45.980: settings.vala:540: Key file does not have key “xrandr/command” in group “Session”
** Message: 16:40:45.980: settings.vala:540: Key file does not have key “network_gui/command” in group “Session”
** Message: 16:40:45.980: settings.vala:540: Key file does not have key “webbrowser/command” in group “Session”
** Message: 16:40:45.980: settings.vala:540: Key file does not have key “email/command” in group “Session”
** Message: 16:40:45.980: settings.vala:540: Key file does not have key “pdf_reader/command” in group “Session”
** Message: 16:40:45.980: settings.vala:540: Key file does not have key “video_player/command” in group “Session”
** Message: 16:40:45.980: settings.vala:540: Key file does not have key “audio_player/command” in group “Session”
** Message: 16:40:45.980: settings.vala:540: Key file does not have key “images_display/command” in group “Session”
** Message: 16:40:45.980: settings.vala:540: Key file does not have key “text_editor/command” in group “Session”
** Message: 16:40:45.981: settings.vala:540: Key file does not have key “archive/command” in group “Session”
** Message: 16:40:45.981: settings.vala:540: Key file does not have key “charmap/command” in group “Session”
** Message: 16:40:45.981: settings.vala:540: Key file does not have key “calculator/command” in group “Session”
** Message: 16:40:45.981: settings.vala:540: Key file does not have key “spreadsheet/command” in group “Session”
** Message: 16:40:45.981: settings.vala:540: Key file does not have key “bittorent/command” in group “Session”
** Message: 16:40:45.981: settings.vala:540: Key file does not have key “document/command” in group “Session”
** Message: 16:40:45.981: settings.vala:540: Key file does not have key “webcam/command” in group “Session”
** Message: 16:40:45.981: settings.vala:540: Key file does not have key “burn/command” in group “Session”
** Message: 16:40:45.981: settings.vala:540: Key file does not have key “notes/command” in group “Session”
** Message: 16:40:45.981: settings.vala:540: Key file does not have key “disk_utility/command” in group “Session”
** Message: 16:40:45.981: settings.vala:540: Key file does not have key “tasks/command” in group “Session”
** Message: 16:40:45.981: settings.vala:540: Key file does not have group “Keymap”
** Message: 16:40:45.981: settings.vala:540: Key file does not have key “laptop_mode” in group “State”
** Message: 16:40:45.981: settings.vala:540: Key file does not have key “gnome” in group “Dbus”
** Message: 16:40:45.981: settings.vala:540: Key file does not have key “type” in group “Environment”
** Message: 16:40:45.981: settings.vala:540: Key file does not have key “ubuntu_menuproxy” in group “Environment”
** Message: 16:40:45.981: settings.vala:540: Key file does not have key “toolkit_integration” in group “Environment”
** Message: 16:40:45.982: settings.vala:540: Key file does not have key “gtk/overlay_scrollbar_disable” in group “Environment”
** Message: 16:40:45.982: settings.vala:540: Key file does not have key “qt/force_theme” in group “Environment”
** Message: 16:40:45.982: settings.vala:540: Key file does not have key “qt/platform” in group “Environment”
** Message: 16:40:45.982: settings.vala:462: Monitoring: /home/pi/.config/lxsession/LXDE-pi/desktop.conf
** Message: 16:40:45.982: settings.vala:466: Desktop file is already in config home, do nothing
** Message: 16:40:45.982: environement.vala:79: Exporting variable
** Message: 16:40:45.982: environement.vala:80: desktop_environnement XDG_CURRENT_DESKTOP
** Message: 16:40:45.982: environement.vala:177: custom_config :
** Message: 16:40:45.983: environement.vala:178: config_dirs :/etc/xdg
** Message: 16:40:45.983: environement.vala:179: confir_dirs not null, export : /etc/xdg
** Message: 16:40:45.983: environement.vala:184: Exporting XDG_CONFIG_DIRS
** Message: 16:40:45.983: environement.vala:218: custom_data :
** Message: 16:40:45.983: environement.vala:219: data_dirs :/usr/share/fkms:/usr/local/share:/usr/share/raspi-ui-overrides:/usr/share:/usr/share/gdm:/var/lib/menu-xdg
** Message: 16:40:45.983: environement.vala:220: data_dirs not null, export : /usr/share/fkms:/usr/local/share:/usr/share/raspi-ui-overrides:/usr/share:/usr/share/gdm:/var/lib/menu-xdg
** Message: 16:40:45.983: environement.vala:225: Exporting XDG_DATA_DIRS
** Message: 16:40:45.983: utils.vala:39: Config system location : /etc/xdg/lxsession/LXDE-pi
** Message: 16:40:45.983: utils.vala:45: System system path location : /etc/xdg/lxsession/LXDE-pi/desktop.conf
** Message: 16:40:45.983: environement.vala:254: No entry in [Environment_variable]. Key file does not have group “Environment_variable”
** Message: 16:40:45.988: utils.vala:138: Config system location : /etc/xdg/lxsession/LXDE-pi
** Message: 16:40:45.988: utils.vala:144: System system path location : /etc/xdg/lxsession/LXDE-pi/conffiles.conf
** Message: 16:40:45.988: utils.vala:148: Final file used : /etc/xdg/lxsession/LXDE-pi/conffiles.conf
** Message: 16:40:45.988: options.vala:164: Activate xsettings_manager build-in
** Message: 16:40:45.988: utils.vala:39: Config system location : /etc/xdg/lxsession/LXDE-pi
** Message: 16:40:45.988: utils.vala:45: System system path location : /etc/xdg/lxsession/LXDE-pi/desktop.conf
xprop:  no such property "_NET_NUMBER_OF_DESKTOPS"
xprop:  no such property "_NET_DESKTOP_NAMES"
** Message: 16:40:46.006: app.vala:721: polkit separate
** Message: 16:40:46.007: app.vala:721: polkit separate
** Message: 16:40:46.014: app.vala:76: Launching lxpolkit 
** Message: 16:40:46.014: utils.vala:138: Config system location : /etc/xdg/lxsession/LXDE-pi
** Message: 16:40:46.014: utils.vala:144: System system path location : /etc/xdg/lxsession/LXDE-pi/autostart
** Message: 16:40:46.014: utils.vala:148: Final file used : /etc/xdg/lxsession/LXDE-pi/autostart
** Message: 16:40:46.014: autostart.vala:42: Autostart path : /etc/xdg/lxsession/LXDE-pi/autostart
** Message: 16:40:46.024: app.vala:76: Launching lxpanel 
** Message: 16:40:46.035: app.vala:76: Launching pcmanfm 

** (lxsession:1225): WARNING **: 16:40:46.051: app.vala:86: Failed to execute child process “xscreensaver” (No such file or directory)

** (lxsession:1225): WARNING **: 16:40:46.051: app.vala:87: Error when launching xscreensaver
** Message: 16:40:46.059: options.vala:107: Create build-in Clipboard
** Message: 16:40:46.061: main.vala:441: Check keymap_mode (null)
** Message: 16:40:46.067: app.vala:76: Launching /usr/bin/ssh-agent 
SSH_AUTH_SOCK=/tmp/ssh-km69pBRTQC4T/agent.1336; export SSH_AUTH_SOCK;
SSH_AGENT_PID=1338; export SSH_AGENT_PID;
echo Agent pid 1338;
sh: 1: Syntax error: "(" unexpected
** Message: 16:40:46.225: app.vala:130: /usr/bin/ssh-agent exit with this type of exit: 0
** Message: 16:40:46.293: x-terminal-emulator has very limited support, consider choose another terminal
** Message: 16:40:46.299: x-terminal-emulator has very limited support, consider choose another terminal
grep: /home/pi/.config/lxpanel/LXDE-pi/panels/*: No such file or directory
Openbox-Message: Requested key "XF86AudioRaiseVolume" does not exist on the display
Openbox-Message: Requested key "XF86AudioLowerVolume" does not exist on the display
Openbox-Message: Requested key "XF86AudioMute" does not exist on the display
Openbox-Message: Unable to find a valid menu file "/usr/share/lxde/openbox/menu.xml"
** Message: 16:40:47.496: Connecting ...
** Message: 16:40:47.496: Status changed to down

** (lxpanel:1332): CRITICAL **: 16:40:47.497: dhcpcd_open: Resource temporarily unavailable
Unit pt-device-manager.service could not be found.

** (lxpanel:1332): WARNING **: 16:40:47.647: Battery 0 not found
** Message: 16:40:48.497: Status changed to opened
** Message: 16:40:48.498: Connected to dhcpcd-8.1.2
** Message: 16:40:48.499: Status changed to connected
** Message: 16:40:48.499: eth0: Link is down
** Message: 16:40:48.499: wlan0: Associated with TP-Link_39DC
** Message: 16:40:48.499: wlan0: Configured 192.168.0.102/24
** Message: 16:40:48.500: wlan0: WPA status connected
** Message: 16:40:48.500: wlan0: Received scan results
Openbox-Message: Requested key "XF86AudioRaiseVolume" does not exist on the display
Openbox-Message: Requested key "XF86AudioLowerVolume" does not exist on the display
Openbox-Message: Requested key "XF86AudioMute" does not exist on the display
** Message: 16:41:51.153: wlan0: Received scan results
** Message: 16:42:51.180: wlan0: Received scan results
libEGL warning: DRI2: failed to authenticate
[1581:1581:0116/164346.369711:ERROR:gpu_init.cc(441)] Passthrough is not supported, GL is egl
[1581:1581:0116/164346.577479:ERROR:viz_main_impl.cc(162)] Exiting GPU process due to errors during initialization
[1525:1525:0116/164346.616830:ERROR:component_loader.cc(186)] Failed to parse extension manifest.
[1614:1614:0116/164346.731122:ERROR:gpu_init.cc(441)] Passthrough is not supported, GL is swiftshader
[1525:1694:0116/164347.600427:ERROR:object_proxy.cc(622)] Failed to call method: org.freedesktop.DBus.Properties.Get: object_path= /org/freedesktop/UPower: org.freedesktop.DBus.Error.ServiceUnknown: The name org.freedesktop.UPower was not provided by any .service files
[1525:1694:0116/164347.605343:ERROR:object_proxy.cc(622)] Failed to call method: org.freedesktop.UPower.GetDisplayDevice: object_path= /org/freedesktop/UPower: org.freedesktop.DBus.Error.ServiceUnknown: The name org.freedesktop.UPower was not provided by any .service files
[1525:1694:0116/164347.606133:ERROR:object_proxy.cc(622)] Failed to call method: org.freedesktop.UPower.EnumerateDevices: object_path= /org/freedesktop/UPower: org.freedesktop.DBus.Error.ServiceUnknown: The name org.freedesktop.UPower was not provided by any .service files
** Message: 16:43:51.178: wlan0: Received scan results
INFO    thonny: Thonny version: 3.3.10
** Message: 16:44:51.182: wlan0: Received scan results
** Message: 16:45:51.167: wlan0: Received scan results
** Message: 16:46:51.173: wlan0: Received scan results
** Message: 16:47:51.171: wlan0: Received scan results
** Message: 16:48:51.159: wlan0: Received scan results
** Message: 16:49:51.178: wlan0: Received scan results
** Message: 16:50:51.177: wlan0: Received scan results

(mousepad:2299): Gtk-WARNING **: 16:51:49.191: Theme parsing error: <data>:2:29: The style property GtkButton:default-border is deprecated and shouldn't be used anymore. It will be removed in a future version

(mousepad:2299): Gtk-WARNING **: 16:51:49.191: Theme parsing error: <data>:3:37: The style property GtkButton:default-outside-border is deprecated and shouldn't be used anymore. It will be removed in a future version

(mousepad:2299): Gtk-WARNING **: 16:51:49.191: Theme parsing error: <data>:4:27: The style property GtkButton:inner-border is deprecated and shouldn't be used anymore. It will be removed in a future version

(mousepad:2299): Gtk-WARNING **: 16:51:49.191: Theme parsing error: <data>:5:31: The style property GtkWidget:focus-line-width is deprecated and shouldn't be used anymore. It will be removed in a future version

(mousepad:2299): Gtk-WARNING **: 16:51:49.191: Theme parsing error: <data>:6:28: The style property GtkWidget:focus-padding is deprecated and shouldn't be used anymore. It will be removed in a future version
** Message: 16:51:51.191: wlan0: Received scan results
** Message: 16:52:51.174: wlan0: Received scan results
** Message: 16:53:51.194: wlan0: Received scan results
** Message: 16:54:51.169: wlan0: Received scan results
** Message: 16:55:51.177: wlan0: Received scan results
** Message: 16:56:51.187: wlan0: Received scan results
** Message: 16:57:51.188: wlan0: Received scan results
** Message: 16:58:51.172: wlan0: Received scan results
** Message: 16:59:51.187: wlan0: Received scan results

(mousepad:2345): Gtk-WARNING **: 17:00:27.312: Theme parsing error: <data>:2:29: The style property GtkButton:default-border is deprecated and shouldn't be used anymore. It will be removed in a future version

(mousepad:2345): Gtk-WARNING **: 17:00:27.312: Theme parsing error: <data>:3:37: The style property GtkButton:default-outside-border is deprecated and shouldn't be used anymore. It will be removed in a future version

(mousepad:2345): Gtk-WARNING **: 17:00:27.312: Theme parsing error: <data>:4:27: The style property GtkButton:inner-border is deprecated and shouldn't be used anymore. It will be removed in a future version

(mousepad:2345): Gtk-WARNING **: 17:00:27.312: Theme parsing error: <data>:5:31: The style property GtkWidget:focus-line-width is deprecated and shouldn't be used anymore. It will be removed in a future version

(mousepad:2345): Gtk-WARNING **: 17:00:27.312: Theme parsing error: <data>:6:28: The style property GtkWidget:focus-padding is deprecated and shouldn't be used anymore. It will be removed in a future version
** Message: 17:00:51.171: wlan0: Received scan results
** Message: 17:01:51.190: wlan0: Received scan results
** Message: 17:02:51.190: wlan0: Received scan results
** Message: 17:03:51.203: wlan0: Received scan results
** Message: 17:04:51.204: wlan0: Received scan results
** Message: 17:05:51.196: wlan0: Received scan results
** Message: 17:06:51.192: wlan0: Received scan results
** Message: 17:07:51.204: wlan0: Received scan results
** Message: 17:08:51.201: wlan0: Received scan results
** Message: 17:09:51.196: wlan0: Received scan results
** Message: 17:10:51.187: wlan0: Received scan results
** Message: 17:11:51.199: wlan0: Received scan results
** Message: 17:12:51.206: wlan0: Received scan results
** Message: 17:13:51.199: wlan0: Received scan results
** Message: 17:14:51.192: wlan0: Received scan results
** Message: 17:15:51.205: wlan0: Received scan results
** Message: 17:16:51.188: wlan0: Received scan results
** Message: 17:17:51.190: wlan0: Received scan results
** Message: 17:18:51.188: wlan0: Received scan results
** Message: 17:19:51.188: wlan0: Received scan results
** Message: 17:20:51.203: wlan0: Received scan results
** Message: 17:21:51.194: wlan0: Received scan results
** Message: 17:22:51.206: wlan0: Received scan results

(mousepad:2432): Gtk-WARNING **: 17:23:20.468: Theme parsing error: <data>:2:29: The style property GtkButton:default-border is deprecated and shouldn't be used anymore. It will be removed in a future version

(mousepad:2432): Gtk-WARNING **: 17:23:20.469: Theme parsing error: <data>:3:37: The style property GtkButton:default-outside-border is deprecated and shouldn't be used anymore. It will be removed in a future version

(mousepad:2432): Gtk-WARNING **: 17:23:20.469: Theme parsing error: <data>:4:27: The style property GtkButton:inner-border is deprecated and shouldn't be used anymore. It will be removed in a future version

(mousepad:2432): Gtk-WARNING **: 17:23:20.469: Theme parsing error: <data>:5:31: The style property GtkWidget:focus-line-width is deprecated and shouldn't be used anymore. It will be removed in a future version

(mousepad:2432): Gtk-WARNING **: 17:23:20.469: Theme parsing error: <data>:6:28: The style property GtkWidget:focus-padding is deprecated and shouldn't be used anymore. It will be removed in a future version
** Message: 17:23:51.212: wlan0: Received scan results
** Message: 17:24:51.204: wlan0: Received scan results
** Message: 17:25:51.206: wlan0: Received scan results
** Message: 17:26:51.187: wlan0: Received scan results
** Message: 17:27:51.193: wlan0: Received scan results
** Message: 17:28:51.212: wlan0: Received scan results
** Message: 17:29:51.212: wlan0: Received scan results
** Message: 17:30:51.215: wlan0: Received scan results
** Message: 17:31:51.197: wlan0: Received scan results
** Message: 17:32:51.201: wlan0: Received scan results
** Message: 17:33:51.201: wlan0: Received scan results
** Message: 17:34:51.206: wlan0: Received scan results
** Message: 17:35:51.208: wlan0: Received scan results
** Message: 17:36:51.218: wlan0: Received scan results
** Message: 17:37:51.210: wlan0: Received scan results
** Message: 17:38:51.226: wlan0: Received scan results
** Message: 17:39:51.207: wlan0: Received scan results
** Message: 17:40:51.220: wlan0: Received scan results
** Message: 17:41:51.213: wlan0: Received scan results
INFO    thonny: Thonny version: 3.3.10
** Message: 17:42:51.220: wlan0: Received scan results
** Message: 17:43:51.223: wlan0: Received scan results
** Message: 17:44:51.230: wlan0: Received scan results
** Message: 17:45:51.223: wlan0: Received scan results
** Message: 17:46:51.226: wlan0: Received scan results
** Message: 17:47:51.228: wlan0: Received scan results
** Message: 17:48:51.213: wlan0: Received scan results
** Message: 17:49:51.231: wlan0: Received scan results
** Message: 17:50:51.221: wlan0: Received scan results
** Message: 17:51:51.217: wlan0: Received scan results
** Message: 17:52:51.229: wlan0: Received scan results
** Message: 17:53:51.219: wlan0: Received scan results
** Message: 17:54:51.233: wlan0: Received scan results
** Message: 17:55:51.223: wlan0: Received scan results
** Message: 17:56:51.235: wlan0: Received scan results
** Message: 17:57:51.222: wlan0: Received scan results
** Message: 17:58:51.219: wlan0: Received scan results
** Message: 17:59:51.236: wlan0: Received scan results
** Message: 18:00:51.231: wlan0: Received scan results
** Message: 18:01:51.229: wlan0: Received scan results
** Message: 18:02:51.245: wlan0: Received scan results
** Message: 18:03:51.228: wlan0: Received scan results
** Message: 18:04:51.243: wlan0: Received scan results
** Message: 18:05:51.231: wlan0: Received scan results
** Message: 18:06:51.233: wlan0: Received scan results
** Message: 18:07:51.244: wlan0: Received scan results
** Message: 18:08:51.237: wlan0: Received scan results
** Message: 18:09:51.241: wlan0: Received scan results
** Message: 18:10:51.248: wlan0: Received scan results
** Message: 18:11:51.237: wlan0: Received scan results
** Message: 18:12:51.242: wlan0: Received scan results
** Message: 18:13:51.254: wlan0: Received scan results
** Message: 18:14:51.251: wlan0: Received scan results
** Message: 18:15:51.254: wlan0: Received scan results
** Message: 18:16:51.244: wlan0: Received scan results
** Message: 18:17:51.254: wlan0: Received scan results
** Message: 18:18:51.252: wlan0: Received scan results
** Message: 18:19:51.257: wlan0: Received scan results
** Message: 18:20:51.253: wlan0: Received scan results
** Message: 18:21:51.247: wlan0: Received scan results
** Message: 18:22:51.264: wlan0: Received scan results
** Message: 18:23:51.258: wlan0: Received scan results
** Message: 18:24:51.252: wlan0: Received scan results
** Message: 18:25:51.255: wlan0: Received scan results
** Message: 18:26:51.244: wlan0: Received scan results
** Message: 18:27:51.258: wlan0: Received scan results
** Message: 18:28:51.252: wlan0: Received scan results

(lxterminal:2797): Gtk-CRITICAL **: 18:29:01.651: gtk_widget_get_realized: assertion 'GTK_IS_WIDGET (widget)' failed

(lxterminal:2797): Gtk-CRITICAL **: 18:29:01.651: gtk_widget_get_realized: assertion 'GTK_IS_WIDGET (widget)' failed

(lxterminal:2797): Gtk-CRITICAL **: 18:29:01.651: gtk_widget_get_realized: assertion 'GTK_IS_WIDGET (widget)' failed
** Message: 18:29:51.254: wlan0: Received scan results
** Message: 18:30:51.255: wlan0: Received scan results
** Message: 18:31:51.251: wlan0: Received scan results
** Message: 18:32:51.255: wlan0: Received scan results
** Message: 18:33:51.253: wlan0: Received scan results
** Message: 18:34:51.267: wlan0: Received scan results
** Message: 18:35:51.260: wlan0: Received scan results
** Message: 18:36:51.253: wlan0: Received scan results

(lxterminal:2904): Gtk-CRITICAL **: 18:37:07.473: gtk_widget_get_realized: assertion 'GTK_IS_WIDGET (widget)' failed

(lxterminal:2904): Gtk-CRITICAL **: 18:37:07.473: gtk_widget_get_realized: assertion 'GTK_IS_WIDGET (widget)' failed

(lxterminal:2904): Gtk-CRITICAL **: 18:37:07.473: gtk_widget_get_realized: assertion 'GTK_IS_WIDGET (widget)' failed
** Message: 18:37:51.264: wlan0: Received scan results
